<?xml version="1.0" ?><testsuite name="UNKNOWN" time="0.092" timestamp="2025-01-11T18:34:49" tests="0" failures="0" skipped="0" aborted="0"><properties><property name="ant.library.dir" value="C:\Program Files\apache-ant-1.10.14\lib"></property><property name="ant.file.type" value="file"></property><property name="java.specification.version" value="23"></property><property name="ant.project.name" value="TP_note_medev_lacoustille_poulet"></property><property name="sun.cpu.isalist" value="amd64"></property><property name="sun.jnu.encoding" value="Cp1252"></property><property name="java.class.path" value="C:\Program Files\apache-ant-1.10.14\lib\ant-launcher.jar;C:\Program Files\apache-ant-1.10.14\lib\ant-antlr.jar;C:\Program Files\apache-ant-1.10.14\lib\ant-apache-bcel.jar;C:\Program Files\apache-ant-1.10.14\lib\ant-apache-bsf.jar;C:\Program Files\apache-ant-1.10.14\lib\ant-apache-log4j.jar;C:\Program Files\apache-ant-1.10.14\lib\ant-apache-oro.jar;C:\Program Files\apache-ant-1.10.14\lib\ant-apache-regexp.jar;C:\Program Files\apache-ant-1.10.14\lib\ant-apache-resolver.jar;C:\Program Files\apache-ant-1.10.14\lib\ant-apache-xalan2.jar;C:\Program Files\apache-ant-1.10.14\lib\ant-commons-logging.jar;C:\Program Files\apache-ant-1.10.14\lib\ant-commons-net.jar;C:\Program Files\apache-ant-1.10.14\lib\ant-imageio.jar;C:\Program Files\apache-ant-1.10.14\lib\ant-jai.jar;C:\Program Files\apache-ant-1.10.14\lib\ant-jakartamail.jar;C:\Program Files\apache-ant-1.10.14\lib\ant-javamail.jar;C:\Program Files\apache-ant-1.10.14\lib\ant-jdepend.jar;C:\Program Files\apache-ant-1.10.14\lib\ant-jmf.jar;C:\Program Files\apache-ant-1.10.14\lib\ant-jsch.jar;C:\Program Files\apache-ant-1.10.14\lib\ant-junit.jar;C:\Program Files\apache-ant-1.10.14\lib\ant-junit4.jar;C:\Program Files\apache-ant-1.10.14\lib\ant-junitlauncher.jar;C:\Program Files\apache-ant-1.10.14\lib\ant-launcher.jar;C:\Program Files\apache-ant-1.10.14\lib\ant-netrexx.jar;C:\Program Files\apache-ant-1.10.14\lib\ant-swing.jar;C:\Program Files\apache-ant-1.10.14\lib\ant-testutil.jar;C:\Program Files\apache-ant-1.10.14\lib\ant-xz.jar;C:\Program Files\apache-ant-1.10.14\lib\ant.jar"></property><property name="java.vm.vendor" value="Oracle Corporation"></property><property name="sun.arch.data.model" value="64"></property><property name="user.variant" value=""></property><property name="java.vendor.url" value="https://java.oracle.com/"></property><property name="java.vm.specification.version" value="23"></property><property name="os.name" value="Windows 11"></property><property name="user.country" value="FR"></property><property name="sun.java.launcher" value="SUN_STANDARD"></property><property name="sun.boot.library.path" value="C:\Program Files\Java\jdk-23\bin"></property><property name="sun.java.command" value="org.apache.tools.ant.launch.Launcher"></property><property name="jdk.debug" value="release"></property><property name="sun.cpu.endian" value="little"></property><property name="user.home" value="C:\Users\clesp"></property><property name="user.language" value="fr"></property><property name="java.specification.vendor" value="Oracle Corporation"></property><property name="java.version.date" value="2024-09-17"></property><property name="java.home" value="C:\Program Files\Java\jdk-23"></property><property name="basedir" value="C:\Users\clesp\Documents\Centrale Nantes\EI2\MEDEV\TP\TP noté\TP_note_MEDEV_lacoustille_poulet"></property><property name="file.separator" value="\"></property><property name="java.vm.compressedOopsMode" value="Zero based"></property><property name="line.separator" value="
"></property><property name="ant.java.version" value="23"></property><property name="java.specification.name" value="Java Platform API Specification"></property><property name="java.vm.specification.vendor" value="Oracle Corporation"></property><property name="user.script" value=""></property><property name="sun.management.compiler" value="HotSpot 64-Bit Tiered Compilers"></property><property name="java.runtime.version" value="23+37-2369"></property><property name="user.name" value="clesp"></property><property name="ant.file" value="C:\Users\clesp\Documents\Centrale Nantes\EI2\MEDEV\TP\TP noté\TP_note_MEDEV_lacoustille_poulet\build.xml"></property><property name="stdout.encoding" value="cp850"></property><property name="ant.file.type.TP_note_medev_lacoustille_poulet" value="file"></property><property name="path.separator" value=";"></property><property name="os.version" value="10.0"></property><property name="java.runtime.name" value="Java(TM) SE Runtime Environment"></property><property name="ant.project.invoked-targets" value="build"></property><property name="file.encoding" value="UTF-8"></property><property name="src.location" value="C:\Users\clesp\Documents\Centrale Nantes\EI2\MEDEV\TP\TP noté\TP_note_MEDEV_lacoustille_poulet\src"></property><property name="java.vm.name" value="Java HotSpot(TM) 64-Bit Server VM"></property><property name="tests.location" value="C:\Users\clesp\Documents\Centrale Nantes\EI2\MEDEV\TP\TP noté\TP_note_MEDEV_lacoustille_poulet\src"></property><property name="ant.core.lib" value="C:\Program Files\apache-ant-1.10.14\lib\ant.jar"></property><property name="java.vendor.url.bug" value="https://bugreport.java.com/bugreport/"></property><property name="java.io.tmpdir" value="C:\Users\clesp\AppData\Local\Temp\"></property><property name="src.available" value="true"></property><property name="java.version" value="23"></property><property name="user.dir" value="C:\Users\clesp\Documents\Centrale Nantes\EI2\MEDEV\TP\TP noté\TP_note_MEDEV_lacoustille_poulet"></property><property name="os.arch" value="amd64"></property><property name="java.vm.specification.name" value="Java Virtual Machine Specification"></property><property name="ant.home" value="C:\Program Files\apache-ant-1.10.14"></property><property name="sun.os.patch.level" value=""></property><property name="native.encoding" value="Cp1252"></property><property name="ant.version" value="Apache Ant(TM) version 1.10.14 compiled on August 16 2023"></property><property name="java.library.path" value="C:\Program Files\Java\jdk-23\bin;C:\WINDOWS\Sun\Java\bin;C:\WINDOWS\system32;C:\WINDOWS;C:\Python312\Scripts\;C:\Python312\;C:\Program Files\Common Files\Oracle\Java\javapath;C:\Program Files (x86)\Common Files\Oracle\Java\java8path;C:\Program Files (x86)\Common Files\Oracle\Java\javapath;C:\Program Files (x86)\NVIDIA Corporation\PhysX\Common;C:\WINDOWS\system32;C:\WINDOWS;C:\WINDOWS\System32\Wbem;C:\WINDOWS\System32\WindowsPowerShell\v1.0\;C:\WINDOWS\System32\OpenSSH\;C:\Program Files (x86)\Windows Kits\8.1\Windows Performance Toolkit\;C:\Program Files\Git\cmd;C:\Program Files\TortoiseGit\bin;C:\Program Files\nodejs\;C:\ProgramData\chocolatey\bin;C:\Program Files\apache-ant-1.10.14\bin;C:\xampp\php;C:\Users\clesp\composer;C:\Users\clesp\Downloads\sonar-scanner-cli-6.2.1.4610-windows-x64\sonar-scanner-6.2.1.4610-windows-x64\bin;C:\Users\clesp\scoop\shims;C:\Users\clesp\OneDrive\Bureau\bin;C:\Program Files (x86)\NVIDIA Corporation\PhysX\Common;C:\WINDOWS\system32;C:\WINDOWS;C:\WINDOWS\System32\Wbem;C:\WINDOWS\System32\WindowsPowerShell\v1.0\;C:\WINDOWS\System32\OpenSSH\;C:\Program Files (x86)\Windows Kits\8.1\Windows Performance Toolkit\;C:\Users\clesp\AppData\Local\Microsoft\WindowsApps;C:\Users\clesp\AppData\Local\Programs\Microsoft VS Code\bin;C:\Users\clesp\AppData\Local\Microsoft\WindowsApps;C:\Users\clesp\AppData\Local\gitkraken\bin;C:\Users\clesp\AppData\Roaming\npm;."></property><property name="java.vendor" value="Oracle Corporation"></property><property name="java.vm.info" value="mixed mode, sharing"></property><property name="stderr.encoding" value="cp850"></property><property name="java.vm.version" value="23+37-2369"></property><property name="sun.io.unicode.encoding" value="UnicodeLittle"></property><property name="ant.file.TP_note_medev_lacoustille_poulet" value="C:\Users\clesp\Documents\Centrale Nantes\EI2\MEDEV\TP\TP noté\TP_note_MEDEV_lacoustille_poulet\build.xml"></property><property name="java.class.version" value="67.0"></property><property name="classes.location" value="C:\Users\clesp\Documents\Centrale Nantes\EI2\MEDEV\TP\TP noté\TP_note_MEDEV_lacoustille_poulet\build\classes"></property><property name="ant.project.default-target" value="build"></property></properties></testsuite>